[    0.000000] Initializing cgroup subsys cpuset
[    0.000000] Initializing cgroup subsys cpu
[    0.000000] Initializing cgroup subsys cpuacct
[    0.000000] Linux version 4.4.0-186-generic (buildd@lcy01-amd64-002) (gcc version 5.4.0 20160609 (Ubuntu 5.4.0-6ubuntu1~16.04.12) ) #216-Ubuntu SMP Wed Jul 1 05:34:05 UTC 2020 (Ubuntu 4.4.0-186.216-generic 4.4.228)
[    0.000000] Command line: BOOT_IMAGE=/boot/vmlinuz-4.4.0-186-generic root=LABEL=cloudimg-rootfs ro console=tty1 console=ttyS0
[    0.000000] KERNEL supported cpus:
[    0.000000]   Intel GenuineIntel
[    0.000000]   AMD AuthenticAMD
[    0.000000]   Centaur CentaurHauls
[    0.000000] [Firmware Bug]: TSC doesn't count with P0 frequency!
[    0.000000] x86/fpu: xstate_offset[2]:  576, xstate_sizes[2]:  256
[    0.000000] x86/fpu: Supporting XSAVE feature 0x01: 'x87 floating point registers'
[    0.000000] x86/fpu: Supporting XSAVE feature 0x02: 'SSE registers'
[    0.000000] x86/fpu: Supporting XSAVE feature 0x04: 'AVX registers'
[    0.000000] x86/fpu: Enabled xstate features 0x7, context size is 832 bytes, using 'standard' format.
[    0.000000] e820: BIOS-provided physical RAM map:
[    0.000000] BIOS-e820: [mem 0x0000000000000000-0x000000000009fbff] usable
[    0.000000] BIOS-e820: [mem 0x000000000009fc00-0x000000000009ffff] reserved
[    0.000000] BIOS-e820: [mem 0x00000000000f0000-0x00000000000fffff] reserved
[    0.000000] BIOS-e820: [mem 0x0000000000100000-0x000000003ffeffff] usable
[    0.000000] BIOS-e820: [mem 0x000000003fff0000-0x000000003fffffff] ACPI data
[    0.000000] BIOS-e820: [mem 0x00000000fec00000-0x00000000fec00fff] reserved
[    0.000000] BIOS-e820: [mem 0x00000000fee00000-0x00000000fee00fff] reserved
[    0.000000] BIOS-e820: [mem 0x00000000fffc0000-0x00000000ffffffff] reserved
[    0.000000] NX (Execute Disable) protection: active
[    0.000000] SMBIOS 2.5 present.
[    0.000000] Hypervisor detected: KVM
[    0.000000] Kernel/User page tables isolation: disabled
[    0.000000] e820: last_pfn = 0x3fff0 max_arch_pfn = 0x400000000
[    0.000000] MTRR: Disabled
[    0.000000] x86/PAT: MTRRs disabled, skipping PAT initialization too.
[    0.000000] CPU MTRRs all blank - virtualized system.
[    0.000000] x86/PAT: Configuration [0-7]: WB  WT  UC- UC  WB  WT  UC- UC  
[    0.000000] found SMP MP-table at [mem 0x0009fff0-0x0009ffff] mapped at [ffff88000009fff0]
[    0.000000] Scanning 1 areas for low memory corruption
[    0.000000] RAMDISK: [mem 0x362e0000-0x37167fff]
[    0.000000] ACPI: Early table checksum verification disabled
[    0.000000] ACPI: RSDP 0x00000000000E0000 000024 (v02 VBOX  )
[    0.000000] ACPI: XSDT 0x000000003FFF0030 00003C (v01 VBOX   VBOXXSDT 00000001 ASL  00000061)
[    0.000000] ACPI: FACP 0x000000003FFF00F0 0000F4 (v04 VBOX   VBOXFACP 00000001 ASL  00000061)
[    0.000000] ACPI: DSDT 0x000000003FFF0470 002325 (v02 VBOX   VBOXBIOS 00000002 INTL 20100528)
[    0.000000] ACPI: FACS 0x000000003FFF0200 000040
[    0.000000] ACPI: FACS 0x000000003FFF0200 000040
[    0.000000] ACPI: APIC 0x000000003FFF0240 00005C (v02 VBOX   VBOXAPIC 00000001 ASL  00000061)
[    0.000000] ACPI: SSDT 0x000000003FFF02A0 0001CC (v01 VBOX   VBOXCPUT 00000002 INTL 20100528)
[    0.000000] No NUMA configuration found
[    0.000000] Faking a node at [mem 0x0000000000000000-0x000000003ffeffff]
[    0.000000] NODE_DATA(0) allocated [mem 0x3ffeb000-0x3ffeffff]
[    0.000000] kvm-clock: Using msrs 4b564d01 and 4b564d00
[    0.000000] kvm-clock: cpu 0, msr 0:3ffe3001, primary cpu clock
[    0.000000] kvm-clock: using sched offset of 3691703144 cycles
[    0.000000] clocksource: kvm-clock: mask: 0xffffffffffffffff max_cycles: 0x1cd42e4dffb, max_idle_ns: 881590591483 ns
[    0.000000] Zone ranges:
[    0.000000]   DMA      [mem 0x0000000000001000-0x0000000000ffffff]
[    0.000000]   DMA32    [mem 0x0000000001000000-0x000000003ffeffff]
[    0.000000]   Normal   empty
[    0.000000]   Device   empty
[    0.000000] Movable zone start for each node
[    0.000000] Early memory node ranges
[    0.000000]   node   0: [mem 0x0000000000001000-0x000000000009efff]
[    0.000000]   node   0: [mem 0x0000000000100000-0x000000003ffeffff]
[    0.000000] Initmem setup node 0 [mem 0x0000000000001000-0x000000003ffeffff]
[    0.000000] ACPI: PM-Timer IO Port: 0x4008
[    0.000000] IOAPIC[0]: apic_id 2, version 32, address 0xfec00000, GSI 0-23
[    0.000000] ACPI: INT_SRC_OVR (bus 0 bus_irq 0 global_irq 2 dfl dfl)
[    0.000000] ACPI: INT_SRC_OVR (bus 0 bus_irq 9 global_irq 9 low level)
[    0.000000] Using ACPI (MADT) for SMP configuration information
[    0.000000] smpboot: Allowing 2 CPUs, 0 hotplug CPUs
[    0.000000] PM: Registered nosave memory: [mem 0x00000000-0x00000fff]
[    0.000000] PM: Registered nosave memory: [mem 0x0009f000-0x0009ffff]
[    0.000000] PM: Registered nosave memory: [mem 0x000a0000-0x000effff]
[    0.000000] PM: Registered nosave memory: [mem 0x000f0000-0x000fffff]
[    0.000000] e820: [mem 0x40000000-0xfebfffff] available for PCI devices
[    0.000000] Booting paravirtualized kernel on KVM
[    0.000000] clocksource: refined-jiffies: mask: 0xffffffff max_cycles: 0xffffffff, max_idle_ns: 7645519600211568 ns
[    0.000000] setup_percpu: NR_CPUS:512 nr_cpumask_bits:512 nr_cpu_ids:2 nr_node_ids:1
[    0.000000] PERCPU: Embedded 33 pages/cpu @ffff88003fc00000 s95512 r8192 d31464 u1048576
[    0.000000] Built 1 zonelists in Node order, mobility grouping on.  Total pages: 257912
[    0.000000] Policy zone: DMA32
[    0.000000] Kernel command line: BOOT_IMAGE=/boot/vmlinuz-4.4.0-186-generic root=LABEL=cloudimg-rootfs ro console=tty1 console=ttyS0
[    0.000000] PID hash table entries: 4096 (order: 3, 32768 bytes)
[    0.000000] Memory: 997664K/1048120K available (8636K kernel code, 1337K rwdata, 4040K rodata, 1492K init, 1296K bss, 50456K reserved, 0K cma-reserved)
[    0.000000] SLUB: HWalign=64, Order=0-3, MinObjects=0, CPUs=2, Nodes=1
[    0.000000] Hierarchical RCU implementation.
[    0.000000] 	Build-time adjustment of leaf fanout to 64.
[    0.000000] 	RCU restricting CPUs from NR_CPUS=512 to nr_cpu_ids=2.
[    0.000000] RCU: Adjusting geometry for rcu_fanout_leaf=64, nr_cpu_ids=2
[    0.000000] NR_IRQS:33024 nr_irqs:440 16
[    0.000000] Console: colour VGA+ 80x25
[    0.000000] console [tty1] enabled
[    0.000000] console [ttyS0] enabled
[    0.000000] tsc: Detected 2096.068 MHz processor
[    0.177873] Calibrating delay loop (skipped) preset value.. 4192.13 BogoMIPS (lpj=8384272)
[    0.179294] pid_max: default: 32768 minimum: 301
[    0.180141] ACPI: Core revision 20150930
[    0.181914] ACPI: 2 ACPI AML tables successfully acquired and loaded
[    0.183297] Security Framework initialized
[    0.184130] Yama: becoming mindful.
[    0.184786] AppArmor: AppArmor initialized
[    0.185817] Dentry cache hash table entries: 131072 (order: 8, 1048576 bytes)
[    0.187042] Inode-cache hash table entries: 65536 (order: 7, 524288 bytes)
[    0.189683] Mount-cache hash table entries: 2048 (order: 2, 16384 bytes)
[    0.190753] Mountpoint-cache hash table entries: 2048 (order: 2, 16384 bytes)
[    0.191979] Initializing cgroup subsys io
[    0.192696] Initializing cgroup subsys memory
[    0.193465] Initializing cgroup subsys devices
[    0.194220] Initializing cgroup subsys freezer
[    0.194959] Initializing cgroup subsys net_cls
[    0.195719] Initializing cgroup subsys perf_event
[    0.196666] Initializing cgroup subsys net_prio
[    0.198009] Initializing cgroup subsys hugetlb
[    0.199960] Initializing cgroup subsys pids
[    0.214032] mce: CPU supports 0 MCE banks
[    0.215154] Last level iTLB entries: 4KB 1024, 2MB 1024, 4MB 512
[    0.216707] Last level dTLB entries: 4KB 1536, 2MB 1536, 4MB 768, 1GB 0
[    0.218403] Spectre V1 : Mitigation: usercopy/swapgs barriers and __user pointer sanitization
[    0.220914] Spectre V2 : Spectre mitigation: LFENCE not serializing, switching to generic retpoline
[    0.223391] Spectre V2 : Mitigation: Full generic retpoline
[    0.224682] Spectre V2 : Spectre v2 / SpectreRSB mitigation: Filling RSB on context switch
[    0.226780] Speculative Store Bypass: Mitigation: Speculative Store Bypass disabled via prctl and seccomp
[    0.232145] Freeing SMP alternatives memory: 36K
[    0.240472] ftrace: allocating 32334 entries in 127 pages
[    0.309723] smpboot: APIC(0) Converting physical 0 to logical package 0
[    0.310857] smpboot: Max logical packages: 1
[    0.311892] x2apic enabled
[    0.312642] Switched APIC routing to physical x2apic.
[    0.314681] ..TIMER: vector=0x30 apic1=0 pin1=2 apic2=-1 pin2=-1
[    0.423900] APIC calibration not consistent with PM-Timer: 98ms instead of 100ms
[    0.426456] APIC delta adjusted to PM-Timer: 6233027 (6161896)
[    0.428478] smpboot: CPU0: AMD Ryzen 5 3500U with Radeon Vega Mobile Gfx (family: 0x17, model: 0x18, stepping: 0x1)
[    0.432072] Performance Events: Broken PMU hardware detected, using software events only.
[    0.434558] Failed to access perfctr msr (MSR c0010007 is 0)
[    0.456406] KVM setup paravirtual spinlock
[    0.458551] x86: Booting SMP configuration:
[    0.459624] .... node  #0, CPUs:      #1
[    0.470640] kvm-clock: cpu 1, msr 0:3ffe3041, secondary cpu clock
[    0.484894] mce: CPU supports 0 MCE banks
[    0.488183] x86: Booted up 1 node, 2 CPUs
[    0.489706] smpboot: Total of 2 processors activated (8384.27 BogoMIPS)
[    0.491963] devtmpfs: initialized
[    0.495022] evm: security.selinux
[    0.495887] evm: security.SMACK64
[    0.496830] evm: security.SMACK64EXEC
[    0.497911] evm: security.SMACK64TRANSMUTE
[    0.499025] evm: security.SMACK64MMAP
[    0.500124] evm: security.ima
[    0.500921] evm: security.capability
[    0.503757] clocksource: jiffies: mask: 0xffffffff max_cycles: 0xffffffff, max_idle_ns: 7645041785100000 ns
[    0.505950] futex hash table entries: 512 (order: 3, 32768 bytes)
[    0.507336] pinctrl core: initialized pinctrl subsystem
[    0.508668] RTC time: 17:41:42, date: 07/28/20
[    0.510079] NET: Registered protocol family 16
[    0.517539] cpuidle: using governor ladder
[    0.526345] cpuidle: using governor menu
[    0.528355] PCCT header not found.
[    0.530660] ACPI: bus type PCI registered
[    0.532527] acpiphp: ACPI Hot Plug PCI Controller Driver version: 0.5
[    0.535229] PCI: Using configuration type 1 for base access
[    0.537265] PCI: Using configuration type 1 for extended access
[    0.551507] ACPI: Added _OSI(Module Device)
[    0.553987] ACPI: Added _OSI(Processor Device)
[    0.556313] ACPI: Added _OSI(3.0 _SCP Extensions)
[    0.558216] ACPI: Added _OSI(Processor Aggregator Device)
[    0.561565] ACPI: Executed 1 blocks of module-level executable AML code
[    0.568637] ACPI: Interpreter enabled
[    0.570389] ACPI: (supports S0 S5)
[    0.572153] ACPI: Using IOAPIC for interrupt routing
[    0.574505] PCI: Using host bridge windows from ACPI; if necessary, use "pci=nocrs" and report a bug
[    0.585530] ACPI: PCI Root Bridge [PCI0] (domain 0000 [bus 00-ff])
[    0.587676] acpi PNP0A03:00: _OSC: OS supports [ExtendedConfig ASPM ClockPM Segments MSI]
[    0.592384] acpi PNP0A03:00: _OSC: platform does not support [PCIeCapability]
[    0.595631] acpi PNP0A03:00: _OSC: not requesting control; platform does not support [PCIeCapability]
[    0.599254] acpi PNP0A03:00: _OSC: OS requested [PCIeHotplug PME AER PCIeCapability]
[    0.602112] acpi PNP0A03:00: _OSC: platform willing to grant [PCIeHotplug PME AER]
[    0.620762] acpi PNP0A03:00: _OSC failed (AE_SUPPORT); disabling ASPM
[    0.623026] PCI host bridge to bus 0000:00
[    0.624141] pci_bus 0000:00: root bus resource [io  0x0000-0x0cf7 window]
[    0.625894] pci_bus 0000:00: root bus resource [io  0x0d00-0xffff window]
[    0.627684] pci_bus 0000:00: root bus resource [mem 0x000a0000-0x000bffff window]
[    0.629748] pci_bus 0000:00: root bus resource [mem 0x40000000-0xfdffffff window]
[    0.632212] pci_bus 0000:00: root bus resource [bus 00-ff]
[    0.636443] pci 0000:00:01.1: legacy IDE quirk: reg 0x10: [io  0x01f0-0x01f7]
[    0.638181] pci 0000:00:01.1: legacy IDE quirk: reg 0x14: [io  0x03f6]
[    0.639741] pci 0000:00:01.1: legacy IDE quirk: reg 0x18: [io  0x0170-0x0177]
[    0.641435] pci 0000:00:01.1: legacy IDE quirk: reg 0x1c: [io  0x0376]
[    0.672469] pci 0000:00:07.0: quirk: [io  0x4000-0x403f] claimed by PIIX4 ACPI
[    0.674742] pci 0000:00:07.0: quirk: [io  0x4100-0x410f] claimed by PIIX4 SMB
[    0.693506] ACPI: PCI Interrupt Link [LNKA] (IRQs 5 9 10 *11)
[    0.695519] ACPI: PCI Interrupt Link [LNKB] (IRQs 5 9 *10 11)
[    0.697348] ACPI: PCI Interrupt Link [LNKC] (IRQs 5 *9 10 11)
[    0.699187] ACPI: PCI Interrupt Link [LNKD] (IRQs 5 9 10 *11)
[    0.701145] ACPI: Enabled 2 GPEs in block 00 to 07
[    0.702830] vgaarb: setting as boot device: PCI:0000:00:02.0
[    0.704054] vgaarb: device added: PCI:0000:00:02.0,decodes=io+mem,owns=io+mem,locks=none
[    0.705757] vgaarb: loaded
[    0.706573] vgaarb: bridge control possible 0000:00:02.0
[    0.707975] SCSI subsystem initialized
[    0.709387] ACPI: bus type USB registered
[    0.711033] usbcore: registered new interface driver usbfs
[    0.712836] usbcore: registered new interface driver hub
[    0.715041] usbcore: registered new device driver usb
[    0.717381] PCI: Using ACPI for IRQ routing
[    0.719504] NetLabel: Initializing
[    0.720904] NetLabel:  domain hash size = 128
[    0.722485] NetLabel:  protocols = UNLABELED CIPSOv4
[    0.724341] NetLabel:  unlabeled traffic allowed by default
[    0.726608] amd_nb: Cannot enumerate AMD northbridges
[    0.728739] clocksource: Switched to clocksource kvm-clock
[    0.743655] AppArmor: AppArmor Filesystem Enabled
[    0.744965] pnp: PnP ACPI init
[    0.746986] pnp: PnP ACPI: found 3 devices
[    0.763173] clocksource: acpi_pm: mask: 0xffffff max_cycles: 0xffffff, max_idle_ns: 2085701024 ns
[    0.766087] NET: Registered protocol family 2
[    0.767772] TCP established hash table entries: 8192 (order: 4, 65536 bytes)
[    0.769820] TCP bind hash table entries: 8192 (order: 5, 131072 bytes)
[    0.771824] TCP: Hash tables configured (established 8192 bind 8192)
[    0.773865] UDP hash table entries: 512 (order: 2, 16384 bytes)
[    0.775424] UDP-Lite hash table entries: 512 (order: 2, 16384 bytes)
[    0.776603] NET: Registered protocol family 1
[    0.777460] pci 0000:00:00.0: Limiting direct PCI/PCI transfers
[    0.778577] pci 0000:00:01.0: Activating ISA DMA hang workarounds
[    0.781587] Unpacking initramfs...
[    1.006422] Freeing initrd memory: 14880K
[    1.007403] clocksource: tsc: mask: 0xffffffffffffffff max_cycles: 0x1e36ae19893, max_idle_ns: 440795209930 ns
[    1.009292] platform rtc_cmos: registered platform RTC device (no PNP device found)
[    1.010711] Scanning for low memory corruption every 60 seconds
[    1.014351] audit: initializing netlink subsys (disabled)
[    1.017432] audit: type=2000 audit(1595958107.987:1): initialized
[    1.020704] Initialise system trusted keyring
[    1.023164] HugeTLB registered 2 MB page size, pre-allocated 0 pages
[    1.025563] zbud: loaded
[    1.026895] VFS: Disk quotas dquot_6.6.0
[    1.027698] VFS: Dquot-cache hash table entries: 512 (order 0, 4096 bytes)
[    1.029159] squashfs: version 4.0 (2009/01/31) Phillip Lougher
[    1.032252] fuse init (API version 7.23)
[    1.033456] Key type big_key registered
[    1.034318] Allocating IMA MOK and blacklist keyrings.
[    1.037976] Key type asymmetric registered
[    1.039012] Asymmetric key parser 'x509' registered
[    1.040065] Block layer SCSI generic (bsg) driver version 0.4 loaded (major 249)
[    1.041738] io scheduler noop registered
[    1.042660] io scheduler deadline registered (default)
[    1.043899] io scheduler cfq registered
[    1.044896] pci_hotplug: PCI Hot Plug PCI Core version: 0.5
[    1.046029] pciehp: PCI Express Hot Plug Controller Driver version: 0.4
[    1.047675] ACPI: AC Adapter [AC] (on-line)
[    1.048792] input: Power Button as /devices/LNXSYSTM:00/LNXPWRBN:00/input/input0
[    1.050647] ACPI: Power Button [PWRF]
[    1.051597] input: Sleep Button as /devices/LNXSYSTM:00/LNXSLPBN:00/input/input1
[    1.053266] ACPI: Sleep Button [SLPF]
[    1.054964] ACPI: Battery Slot [BAT0] (battery present)
[    1.056169] GHES: HEST is not enabled!
[    1.057406] Serial: 8250/16550 driver, 32 ports, IRQ sharing enabled
[    1.079207] 00:02: ttyS0 at I/O 0x3f8 (irq = 4, base_baud = 115200) is a 16550A
[    1.085388] Linux agpgart interface v0.103
[    1.090352] loop: module loaded
[    1.092907] scsi host0: ata_piix
[    1.095020] scsi host1: ata_piix
[    1.097076] ata1: PATA max UDMA/33 cmd 0x1f0 ctl 0x3f6 bmdma 0xd000 irq 14
[    1.099966] ata2: PATA max UDMA/33 cmd 0x170 ctl 0x376 bmdma 0xd008 irq 15
[    1.103144] libphy: Fixed MDIO Bus: probed
[    1.105222] tun: Universal TUN/TAP device driver, 1.6
[    1.107412] tun: (C) 1999-2004 Max Krasnyansky <maxk@qualcomm.com>
[    1.110205] PPP generic driver version 2.4.2
[    1.112495] ehci_hcd: USB 2.0 'Enhanced' Host Controller (EHCI) Driver
[    1.115327] ehci-pci: EHCI PCI platform driver
[    1.117350] ehci-platform: EHCI generic platform driver
[    1.119734] ohci_hcd: USB 1.1 'Open' Host Controller (OHCI) Driver
[    1.122246] ohci-pci: OHCI PCI platform driver
[    1.124145] ohci-platform: OHCI generic platform driver
[    1.126455] uhci_hcd: USB Universal Host Controller Interface driver
[    1.129839] i8042: PNP: PS/2 Controller [PNP0303:PS2K,PNP0f03:PS2M] at 0x60,0x64 irq 1,12
[    1.134366] serio: i8042 KBD port at 0x60,0x64 irq 1
[    1.136786] serio: i8042 AUX port at 0x60,0x64 irq 12
[    1.139754] mousedev: PS/2 mouse device common for all mice
[    1.142168] input: AT Translated Set 2 keyboard as /devices/platform/i8042/serio0/input/input2
[    1.145778] rtc_cmos rtc_cmos: rtc core: registered rtc_cmos as rtc0
[    1.148043] rtc_cmos rtc_cmos: alarms up to one day, 114 bytes nvram
[    1.150043] i2c /dev entries driver
[    1.151337] device-mapper: uevent: version 1.0.3
[    1.152904] device-mapper: ioctl: 4.34.0-ioctl (2015-10-28) initialised: dm-devel@redhat.com
[    1.155713] ledtrig-cpu: registered to indicate activity on CPUs
[    1.160402] NET: Registered protocol family 10
[    1.162577] NET: Registered protocol family 17
[    1.164200] Key type dns_resolver registered
[    1.166311] registered taskstats version 1
[    1.167369] Loading compiled-in X.509 certificates
[    1.169129] Loaded X.509 cert 'Build time autogenerated kernel key: cef5e81496c0efa51b848ab539e845ddf31c08be'
[    1.171474] zswap: loaded using pool lzo/zbud
[    1.176738] Key type trusted registered
[    1.183705] Key type encrypted registered
[    1.184784] AppArmor: AppArmor sha1 policy hashing enabled
[    1.186022] ima: No TPM chip found, activating TPM-bypass!
[    1.187426] ima: Allocated hash algorithm: sha1
[    1.188696] evm: HMAC attrs: 0x1
[    1.190147]   Magic number: 12:48:695
[    1.191221] pci 0000:00:00.0: hash matches
[    1.192553] rtc_cmos rtc_cmos: setting system clock to 2020-07-28 17:41:42 UTC (1595958102)
[    1.194860] BIOS EDD facility v0.16 2004-Jun-25, 0 devices found
[    1.197150] EDD information not available.
[    1.293731] Freeing unused kernel memory: 1492K
[    1.294661] Write protecting the kernel read-only data: 14336k
[    1.296381] Freeing unused kernel memory: 1592K
[    1.297805] Freeing unused kernel memory: 56K
Loading, please wait...
starting version 229
[    1.321143] random: systemd-udevd: uninitialized urandom read (16 bytes read, 3 bits of entropy available)
[    1.321363] random: udevadm: uninitialized urandom read (16 bytes read, 3 bits of entropy available)
[    1.321409] random: udevadm: uninitialized urandom read (16 bytes read, 3 bits of entropy available)
[    1.330408] random: udevadm: uninitialized urandom read (16 bytes read, 3 bits of entropy available)
[    1.330481] random: udevadm: uninitialized urandom read (16 bytes read, 3 bits of entropy available)
[    1.330657] random: udevadm: uninitialized urandom read (16 bytes read, 3 bits of entropy available)
[    1.330732] random: udevadm: uninitialized urandom read (16 bytes read, 3 bits of entropy available)
[    1.330809] random: udevadm: uninitialized urandom read (16 bytes read, 3 bits of entropy available)
[    1.330882] random: udevadm: uninitialized urandom read (16 bytes read, 3 bits of entropy available)
[    1.330957] random: udevadm: uninitialized urandom read (16 bytes read, 3 bits of entropy available)
[    1.389518] e1000: Intel(R) PRO/1000 Network Driver - version 7.3.21-k8-NAPI
[    1.390792] e1000: Copyright (c) 1999-2006 Intel Corporation.
[    1.395237] Fusion MPT base driver 3.04.20
[    1.396125] Copyright (c) 1999-2008 LSI Corporation
[    1.401193] Fusion MPT SPI Host driver 3.04.20
[    1.418767] AVX2 version of gcm_enc/dec engaged.
[    1.419847] AES CTR mode by8 optimization enabled
[    1.610169] input: ImExPS/2 Generic Explorer Mouse as /devices/platform/i8042/serio1/input/input4
[    1.793873] e1000 0000:00:03.0 eth0: (PCI:33MHz:32-bit) 02:e5:f9:b1:f5:c2
[    1.795176] e1000 0000:00:03.0 eth0: Intel(R) PRO/1000 Network Connection
[    3.072984] e1000 0000:00:08.0 eth1: (PCI:33MHz:32-bit) 08:00:27:38:3a:01
[    3.075509] e1000 0000:00:08.0 eth1: Intel(R) PRO/1000 Network Connection
[    3.081129] mptbase: ioc0: Initiating bringup
[    3.082120] e1000 0000:00:03.0 enp0s3: renamed from eth0
[    3.117358] e1000 0000:00:08.0 enp0s8: renamed from eth1
[    3.178048] ioc0: LSI53C1030 A0: Capabilities={Initiator}
[    3.346186] scsi host2: ioc0: LSI53C1030 A0, FwRev=00000000h, Ports=1, MaxQ=256, IRQ=20
[    3.462085] scsi 2:0:0:0: Direct-Access     VBOX     HARDDISK         1.0  PQ: 0 ANSI: 5
[    3.465622] scsi target2:0:0: Beginning Domain Validation
[    3.472079] scsi target2:0:0: Domain Validation skipping write tests
[    3.474836] scsi target2:0:0: Ending Domain Validation
[    3.477345] scsi target2:0:0: asynchronous
[    3.480962] scsi 2:0:1:0: Direct-Access     VBOX     HARDDISK         1.0  PQ: 0 ANSI: 5
[    3.484652] scsi target2:0:1: Beginning Domain Validation
[    3.493853] scsi target2:0:1: Domain Validation skipping write tests
[    3.496257] scsi target2:0:1: Ending Domain Validation
[    3.498707] scsi target2:0:1: asynchronous
[    3.515003] sd 2:0:0:0: Attached scsi generic sg0 type 0
[    3.515804] sd 2:0:0:0: [sda] 20971520 512-byte logical blocks: (10.7 GB/10.0 GiB)
[    3.517355] sd 2:0:0:0: [sda] Write Protect is off
[    3.517534] sd 2:0:0:0: [sda] Incomplete mode parameter data
[    3.517536] sd 2:0:0:0: [sda] Assuming drive cache: write through
[    3.522674]  sda: sda1
[    3.523916] sd 2:0:0:0: [sda] Attached SCSI disk
[    3.530422] sd 2:0:1:0: Attached scsi generic sg1 type 0
[    3.530867] sd 2:0:1:0: [sdb] 20480 512-byte logical blocks: (10.5 MB/10.0 MiB)
[    3.531266] sd 2:0:1:0: [sdb] Write Protect is off
[    3.531481] sd 2:0:1:0: [sdb] Incomplete mode parameter data
[    3.531484] sd 2:0:1:0: [sdb] Assuming drive cache: write through
[    3.536851] sd 2:0:1:0: [sdb] Attached SCSI disk
Begin: Loading essential drivers ... [    5.055846] md: linear personality registered for level -1
[    5.061252] md: multipath personality registered for level -4
[    5.068564] md: raid0 personality registered for level 0
[    5.077644] md: raid1 personality registered for level 1
[    5.153312] raid6: sse2x1   gen()  5588 MB/s
[    5.220961] raid6: sse2x1   xor()  5781 MB/s
[    5.289540] raid6: sse2x2   gen() 11596 MB/s
[    5.357888] raid6: sse2x2   xor()  4339 MB/s
[    5.424842] raid6: sse2x4   gen()  9638 MB/s
[    5.493221] raid6: sse2x4   xor()  8010 MB/s
[    5.560863] raid6: avx2x1   gen() 17404 MB/s
[    5.628766] raid6: avx2x2   gen() 15521 MB/s
[    5.697162] raid6: avx2x4   gen() 19048 MB/s
[    5.698659] raid6: using algorithm avx2x4 gen() 19048 MB/s
[    5.700073] raid6: using avx2x2 recovery algorithm
[    5.702161] xor: automatically using best checksumming function:
[    5.741398]    avx       : 14026.000 MB/sec
[    5.743924] async_tx: api initialized (async)
[    5.764572] md: raid6 personality registered for level 6
[    5.767388] md: raid5 personality registered for level 5
[    5.769971] md: raid4 personality registered for level 4
[    5.785801] md: raid10 personality registered for level 10
done.
Begin: Running /scripts/init-premount ... done.
Begin: Mounting root file system ... Begin: Running /scripts/local-top ... done.
Begin: Running /scripts/local-premount ... [    5.823587] Btrfs loaded
Scanning for Btrfs filesystems
done.
Warning: fsck not present, so skipping root file system
[    5.880166] EXT4-fs (sda1): mounted filesystem with ordered data mode. Opts: (null)
done.
Begin: Running /scripts/local-bottom ... done.
Begin: Running /scripts/init-bottom ... done.
[    6.031738] systemd[1]: systemd 229 running in system mode. (+PAM +AUDIT +SELINUX +IMA +APPARMOR +SMACK +SYSVINIT +UTMP +LIBCRYPTSETUP +GCRYPT +GNUTLS +ACL +XZ -LZ4 +SECCOMP +BLKID +ELFUTILS +KMOD -IDN)
[    6.040441] systemd[1]: Detected virtualization oracle.
[    6.043143] systemd[1]: Detected architecture x86-64.

Welcome to [1mUbuntu 16.04.6 LTS[0m!

[    6.049632] systemd[1]: Set hostname to <ubuntu>.
[    6.054016] systemd[1]: Initializing machine ID from random generator.
[    6.057073] systemd[1]: Installed transient /etc/machine-id file.
[    6.252967] systemd[1]: Reached target System Time Synchronized.
[[0;32m  OK  [0m] Reached target System Time Synchronized.
[    6.255476] systemd[1]: Listening on udev Control Socket.
[[0;32m  OK  [0m] Listening on udev Control Socket.
[    6.259401] systemd[1]: Created slice User and Session Slice.
[[0;32m  OK  [0m] Created slice User and Session Slice.
[    6.292676] systemd[1]: Reached target User and Group Name Lookups.
[[0;32m  OK  [0m] Reached target User and Group Name Lookups.
[    6.299434] systemd[1]: Listening on /dev/initctl Compatibility Named Pipe.
[[0;32m  OK  [0m] Listening on /dev/initctl Compatibility Named Pipe.
[    6.306274] systemd[1]: Listening on LVM2 metadata daemon socket.
[[0;32m  OK  [0m] Listening on LVM2 metadata daemon socket.
[    6.312519] systemd[1]: Listening on udev Kernel Socket.
[[0;32m  OK  [0m] Listening on udev Kernel Socket.
[    6.317871] systemd[1]: Started Trigger resolvconf update for networkd DNS.
[[0;32m  OK  [0m] Started Trigger resolvconf update for networkd DNS.
[    6.323320] systemd[1]: Reached target Swap.
[[0;32m  OK  [0m] Reached target Swap.
[    6.327575] systemd[1]: Listening on LVM2 poll daemon socket.
[[0;32m  OK  [0m] Listening on LVM2 poll daemon socket.
[    6.332738] systemd[1]: Listening on Journal Audit Socket.
[[0;32m  OK  [0m] Listening on Journal Audit Socket.
[    6.338543] systemd[1]: Listening on Syslog Socket.
[[0;32m  OK  [0m] Listening on Syslog Socket.
[    6.342172] systemd[1]: Reached target Encrypted Volumes.
[[0;32m  OK  [0m] Reached target Encrypted Volumes.
[    6.346253] systemd[1]: Started Forward Password Requests to Wall Directory Watch.
[[0;32m  OK  [0m] Started Forward Password Requests to Wall Directory Watch.
[    6.351402] systemd[1]: Created slice System Slice.
[[0;32m  OK  [0m] Created slice System Slice.
[    6.353685] systemd[1]: Created slice system-serial\x2dgetty.slice.
[[0;32m  OK  [0m] Created slice system-serial\x2dgetty.slice.
[    6.364805] systemd[1]: Reached target Slices.
[[0;32m  OK  [0m] Reached target Slices.
[    6.368852] systemd[1]: Set up automount Arbitrary Executable File Formats File System Automount Point.
[[0;32m  OK  [0m] Set up automount Arbitrary Executab...ats File System Automount Point.
[    6.374043] systemd[1]: Listening on Journal Socket (/dev/log).
[[0;32m  OK  [0m] Listening on Journal Socket (/dev/log).
[    6.377313] systemd[1]: Listening on Journal Socket.
[[0;32m  OK  [0m] Listening on Journal Socket.
[    6.394042] systemd[1]: Starting Remount Root and Kernel File Systems...
         Starting Remount Root and Kernel File Systems...
[    6.399776] systemd[1]: Starting Journal Service...
         Starting Journal Service...
[    6.402190] EXT4-fs (sda1): re-mounted. Opts: (null)
[    6.402331] systemd[1]: Starting Create list of required static device nodes for the current kernel...
         Starting Create list of required st... nodes for the current kernel...
[    6.410132] systemd[1]: Mounting Huge Pages File System...
         Mounting Huge Pages File System...
[    6.415298] systemd[1]: Starting Load Kernel Modules...
         Starting Load Kernel Modules...
[    6.425919] systemd[1]: Starting Uncomplicated firewall...
         Starting Uncomplicated firewall...
[    6.432598] systemd[1]: Starting Set console keymap...
         Starting Set console keymap...
[    6.439400] systemd[1]: Mounting Debug File System...
         Mounting Debug File System...
[    6.446426] Loading iSCSI transport class v2.0-870.
[    6.452596] systemd[1]: Starting Nameserver information manager...
         Starting Nameserver information manager...
[    6.455951] systemd[1]: Listening on Device-mapper event daemon FIFOs.
[[0;32m  OK  [0m] Listening on Device-mapper event daemon FIFOs.
[    6.459888] systemd[1]: Starting Monitoring of LVM2 mirrors, snapshots etc. using dmeventd or progress polling...
         Starting Monitoring of LVM2 mirrors... dmeventd or progress polling...
[    6.472440] systemd[1]: Mounting POSIX Message Queue File System...
         Mounting POSIX Message Queue File System...
[    6.480085] systemd[1]: Mounted POSIX Message Queue File System.
[[0;32m  OK  [0m] Mounted POSIX Message Queue File System.
[    6.483831] systemd[1]: Mounted Debug File System.
[    6.483898] iscsi: registered transport (tcp)
[[0;32m  OK  [0m] Mounted Debug File System.
[    6.501721] systemd[1]: Mounted Huge Pages File System.
[[0;32m  OK  [0m] Mounted Huge Pages File System.
[    6.503851] systemd[1]: Started Journal Service.
[[0;32m  OK  [0m] Started Journal Service.
[[0;32m  OK  [0m] Started Remount Root and Kernel File Systems.
[[0;32m  OK  [0m] Started Create list of required sta...ce nodes for the current kernel.
[[0;32m  OK  [0m] Started Uncomplicated firewall.
[[0;32m  OK  [0m] Started LVM2 metadata daemon.
         Starting Create Static Device Nodes in /dev...
         Starting Load/Save Random Seed...
         Starting udev Coldplug all Devices...
         Starting Flush Journal to Persistent Storage...
[[0;32m  OK  [0m] Started Nameserver information manager.
[[0;32m  OK  [0m] Started Load/Save Random Seed.
[[0;32m  OK  [0m] Started Set console keymap.
[    6.584918] systemd-journald[370]: Received request to flush runtime journal from PID 1
[[0;32m  OK  [0m] Started Flush Journal to Persistent Storage.
[    6.602224] iscsi: registered transport (iser)
[[0;32m  OK  [0m] Started Create Static Device Nodes in /dev.
         Starting udev Kernel Device Manager...
[[0;32m  OK  [0m] Started Load Kernel Modules.
[[0;32m  OK  [0m] Started udev Coldplug all Devices.
         Mounting FUSE Control File System...
         Starting Apply Kernel Variables...
[[0;32m  OK  [0m] Mounted FUSE Control File System.
[    6.639830] random: nonblocking pool is initialized
[[0;32m  OK  [0m] Started Apply Kernel Variables.
[[0;32m  OK  [0m] Started udev Kernel Device Manager.
[[0;32m  OK  [0m] Started Dispatch Password Requests to Console Directory Watch.
[[0;32m  OK  [0m] Found device /dev/ttyS0.
[[0;32m  OK  [0m] Listening on Load/Save RF Kill Switch Status /dev/rfkill Watch.
[[0;32m  OK  [0m] Started Monitoring of LVM2 mirrors,...ng dmeventd or progress polling.
[[0;32m  OK  [0m] Reached target Local File Systems (Pre).
[[0;32m  OK  [0m] Reached target Local File Systems.
         Starting Tell Plymouth To Write Out Runtime Data...
         Starting Commit a transient machine-id on disk...
         Starting Initial cloud-init job (pre-networking)...
         Starting Create Volatile Files and Directories...
         Starting LSB: AppArmor initialization...
         Starting Set console font and keymap...
[[0;32m  OK  [0m] Started Tell Plymouth To Write Out Runtime Data.
[[0;32m  OK  [0m] Started Commit a transient machine-id on disk.
[[0;32m  OK  [0m] Started Create Volatile Files and Directories.
         Starting Update UTMP about System Boot/Shutdown...
[[0;32m  OK  [0m] Started Update UTMP about System Boot/Shutdown.
[[0;32m  OK  [0m] Started Set console font and keymap.
[[0;32m  OK  [0m] Created slice system-getty.slice.
[    8.535464] cloud-init[597]: Cloud-init v. 20.2-45-g5f7825e2-0ubuntu1~16.04.1 running 'init-local' at Tue, 28 Jul 2020 17:41:49 +0000. Up 8.04 seconds.
[[0;32m  OK  [0m] Started Initial cloud-init job (pre-networking).
[[0;32m  OK  [0m] Reached target Network (Pre).
[[0;32m  OK  [0m] Started LSB: AppArmor initialization.
         Starting Load AppArmor profiles managed internally by snapd...
         Starting Raise network interfaces...
[[0;32m  OK  [0m] Started Load AppArmor profiles managed internally by snapd.
[[0;32m  OK  [0m] Started Raise network interfaces.
[[0;32m  OK  [0m] Reached target Network.
         Starting Initial cloud-init job (metadata service crawler)...
[   10.389429] cloud-init[952]: Cloud-init v. 20.2-45-g5f7825e2-0ubuntu1~16.04.1 running 'init' at Tue, 28 Jul 2020 17:41:50 +0000. Up 9.45 seconds.
[   10.392779] cloud-init[952]: ci-info: ++++++++++++++++++++++++++++++++++++++Net device info+++++++++++++++++++++++++++++++++++++++
[   10.401660] cloud-init[952]: ci-info: +--------+-------+----------------------------+---------------+--------+-------------------+
[   10.404687] cloud-init[952]: ci-info: | Device |   Up  |          Address           |      Mask     | Scope  |     Hw-Address    |
[   10.408118] cloud-init[952]: ci-info: +--------+-------+----------------------------+---------------+--------+-------------------+
[   10.411763] cloud-init[952]: ci-info: | enp0s3 |  True |         10.0.2.15          | 255.255.255.0 | global | 02:e5:f9:b1:f5:c2 |
[   10.414726] cloud-init[952]: ci-info: | enp0s3 |  True | fe80::e5:f9ff:feb1:f5c2/64 |       .       |  link  | 02:e5:f9:b1:f5:c2 |
[   10.425208] cloud-init[952]: ci-info: | enp0s8 | False |             .              |       .       |   .    | 08:00:27:38:3a:01 |
[   10.427696] cloud-init[952]: ci-info: |   lo   |  True |         127.0.0.1          |   255.0.0.0   |  host  |         .         |
[   10.429450] cloud-init[952]: ci-info: |   lo   |  True |          ::1/128           |       .       |  host  |         .         |
[   10.432082] cloud-init[952]: ci-info: +--------+-------+----------------------------+---------------+--------+-------------------+
[   10.434777] cloud-init[952]: ci-info: +++++++++++++++++++++++++++Route IPv4 info++++++++++++++++++++++++++++
[   10.437501] cloud-init[952]: ci-info: +-------+-------------+----------+---------------+-----------+-------+
[   10.445269] cloud-init[952]: ci-info: | Route | Destination | Gateway  |    Genmask    | Interface | Flags |
[   10.451273] cloud-init[952]: ci-info: +-------+-------------+----------+---------------+-----------+-------+
[   10.455001] cloud-init[952]: ci-info: |   0   |   0.0.0.0   | 10.0.2.2 |    0.0.0.0    |   enp0s3  |   UG  |
[   10.457204] cloud-init[952]: ci-info: |   1   |   10.0.2.0  | 0.0.0.0  | 255.255.255.0 |   enp0s3  |   U   |
[   10.459189] cloud-init[952]: ci-info: +-------+-------------+----------+---------------+-----------+-------+
[   10.462003] cloud-init[952]: ci-info: +++++++++++++++++++Route IPv6 info+++++++++++++++++++
[   10.463544] cloud-init[952]: ci-info: +-------+-------------+---------+-----------+-------+
[   10.465091] cloud-init[952]: ci-info: | Route | Destination | Gateway | Interface | Flags |
[[0;32m  OK  [0m] Started Initial cloud-init job (metadata service crawler).
[[0;32m  OK  [0m] Reached target System Initialization.
[[0;32m  OK  [0m] Started Daily Cleanup of Temporary Directories.
[[0;32m  OK  [0m] Listening on D-Bus System Message Bus Socket.
[[0;32m  OK  [0m] Listening on UUID daemon activation socket.
         Starting Socket activation for snappy daemon.
[   10.467250] cloud-init[952]: ci-info: +-------+-------------+---------+-----------+-------+
[[0;32m  OK  [0m] Started ACPI Events Check.
[[0;32m  OK  [0m] Reached target Paths.
[   10.471556] cloud-init[952]:          Starting LXD - unix socket.
ci-info: |   0   |  fe80::/64  |    ::   |   enp0s3  |   U   |[[0;32m  OK  [0m] Started Message of the Day.

[[0;32m  OK  [0m] Started Daily apt download activities.
[[0;32m  OK  [0m] Started Daily apt upgrade and clean activities.
[[0;32m  OK  [0m] Reached target Timers.
[   10.484105] cloud-init[952]: [[0;32m  OK  [0m] Listening on ACPID Listen Socket.
[[0;32m  OK  [0m] Reached target Network is Online.
ci-info: |   3   |   ff00::/8  |    ::   |   enp0s3  |   U   |
[   10.487057] cloud-init[952]: ci-info: +-------+-------------+---------+-----------+-------+
[   10.488143] cloud-init[952]: Generating public/private rsa key pair.
[   10.493678] cloud-init[952]: Your identification has been saved in /etc/ssh/ssh_host_rsa_key.
[   10.495013] cloud-init[952]: Your public key has been saved in /etc/ssh/ssh_host_rsa_key.pub.
[   10.497218] cloud-init[952]: The key fingerprint is:
[   10.498786] cloud-init[952]: SHA256:b1ZOQ69No3Jx+B378NIhwOp4RBRcDsDiX9V4/nbYVDQ root@ubuntu-xenial         Starting iSCSI initiator daemon (iscsid)...
[[0;32m  OK  [0m] Reached target Cloud-config availability.
[[0;32m  OK  [0m] Listening on Socket activation for snappy daemon.
[[0;32m  OK  [0m] Listening on LXD - unix socket.
[[0;32m  OK  [0m] Reached target Sockets.
[[0;32m  OK  [0m] Reached target Basic System.

[   10.510535] cloud-init[952]:          Starting /etc/rc.local Compatibility...
[[0;32m  OK  [0m] Started Deferred execution scheduler.
         Starting LXD - container startup/shutdown...
         Starting LSB: MD monitoring daemon...
         Starting Login Service...
[[0;32m  OK  [0m] Started Regular background program processing daemon.
         Starting Pollinate to seed the pseudo random number generator...
[[0;32m  OK  [0m] Started ACPI event daemon.
         Starting Virtualbox guest utils...
[[0;32m  OK  [0m] Started D-Bus System Message Bus.
The key's randomart image is:
[   10.543035] cloud-init[952]: +---[RSA 2048]----+
[   10.549395] cloud-init[952]: |      ..ooo.o  E.|
[   10.553963] cloud-init[952]: |     . . ooo o  o|
[   10.555162] cloud-init[952]: |    . . . o.+   .|
[   10.557859] cloud-init[952]: |     .   o + +  .|
[   10.562154] cloud-init[952]: |      . S . B *= |
[   10.564226] cloud-init[952]: |       . + + @.*=|
[   10.571636] cloud-init[952]: |        + = = *o+|
[   10.575386] cloud-init[952]: |       . = o  .oo|
[   10.577799] cloud-init[952]: |        .      .o|
[   10.580823] cloud-init[952]: +----[SHA256]-----+
[   10.589217] cloud-init[952]: Generating public/private dsa key pair.
[   10.590945] cloud-init[952]: Your identification has been saved in /etc/ssh/ssh_host_dsa_key.
[   10.592733] cloud-init[952]: Your public key has been saved in /etc/ssh/ssh_host_dsa_key.pub.
[   10.594350] cloud-init[952]: The key fingerprint is:
[   10.595504] cloud-init[952]: SHA256:3347vuKGoLb2pl3PrcFN8MLnrwKev1bfQqDqrsfTcGY root@ubuntu-xenial
[   10.597155] cloud-init[952]: The key's randomart image is:
[   10.598220] cloud-init[952]: +---[DSA 1024]----+
[[0;32m  OK  [0m] Started FUSE filesystem for LXC.
[   10.605102] cloud-init         Starting System Logging Service...
         Starting Accounts Service...
         Starting LSB: Record successful boot for GRUB...
         Starting Snap Daemon...
[[0;32m  OK  [0m] Started /etc/rc.local Compatibility.
[952]: |                 |
[[0;32m  OK  [0m] Started Login Service.
[[0;32m  OK  [0m] Started Unattended Upgrades Shutdown.
[[0;32m  OK  [0m] Started iSCSI initiator daemon (iscsid).
[   10.663268] cloud-init[952]: |                 |
[   10.666464] cloud-init[952]: |            .    |
[   10.672768] cloud-init         Starting Login to default iSCSI targets...
[952]: |           ..o   |
[   10.688666] cloud-init[952]: |        S  .o.+  |
[   10.690009] cloud-init[952]: |        o.Eo *o  |
[   10.691774] [[0;32m  OK  [0m] Started LSB: MD monitoring daemon.
cloud-init[952]: |       o Xo++oo..|
[   10.698071] cloud-init[952]: |      +.*.=+=o+.o|
[[0;32m  OK  [0m] Started System Logging Service.
[   10.739748] cloud-init[952]: |     o+X=. =OB**.|
[   10.742314] cloud-init[952]: +----[SHA256]-----+
[   10.745008] cloud-init[952]: Generating public/private ecdsa key pair.
[   10.746751] cloud-init[952]: Your identification has been saved in /etc/ssh/ssh_host_ecdsa_key.
[   10.748191] [[0;32m  OK  [0m] Started LXD - container startup/shutdown.
[[0;32m  OK  [0m] Started Login to default iSCSI targets.
[[0;32m  OK  [0m] Reached target Remote File Systems (Pre).
[[0;32m  OK  [0m] Reached target Remote File Systems.
         Starting LSB: Set the CPU Frequency Scaling governor to "ondemand"...
cloud-init[952]: Your public key has been saved in /etc/ssh/ssh_host_ecdsa_key.pub.
         Starting LSB: automatic crash report generation...[   10.763188] cloud-init[952]: The key fingerprint is:

         Starting LSB: daemon to balance interrupts for SMP systems...
         Starting Permit User Sessions...
[[0;32m  OK  [0m] Started Permit User Sessions.
         Starting Terminate Plymouth Boot Screen...
         Starting Hold until boot process finishes up...
[   10.798683] [[0;32m  OK  [0m] Started Hold until boot process finishes up.
[[0;32m  OK  [0m] Started LSB: Record successful boot for GRUB.
         Starting Authenticate and Authorize Users to Run Privileged Tasks...
[[0;32m  OK  [0m] Started Getty on tty1.
         Starting Set console scheme...
[[0;32m  OK  [0m] Started Serial Getty on ttyS0.
cloud-init[952]: SHA256:3tdQTVp9d+wOmvvEJe6WPgCuHwC/2iKuDDduASTZgRw root@ubuntu-xenial
[[0;32m  OK  [0m] Reached target Login Prompts.
[   10.818586] [[0;32m  OK  [0m] Started LSB: Set the CPU Frequency Scaling governor to "ondemand".
[[0;32m  OK  [0m] Started Terminate Plymouth Boot Screen.
[cloud-init[952]: The key's randomart image is:
[   10.833169] cloud-init[952]: +---[ECDSA 256]---+
[   10.834041] cloud-init[952]: |.Eo.           .+|
[   10.834616] cloud-init[952]: |+o.            =*|
[   10.834978] cloud-init[952]: |o     .       o.=|
[   10.835509] cloud-init[952]: |.      o  .  .. .|
[   10.835860] cloud-init[952]: | .      S. ..o.o.|
[0;32m  OK  [0m] Started Set console scheme.
[   10.839462] cloud-init[952]: |  .    . +. += o.|
[   10.848086] cloud-init[952]: |. o.    o.o .o=. |
[   10.854027] cloud-init[952]: | =... .o.  o.o+  |
[   10.855645] cloud-init[952]: | .+o.......  ++. |
[   10.858352] cloud-init[952]: +----[SHA256]-----+
[   10.861077] cloud-init[952]: Generating public/private ed25519 key pair.
[[0;32m  OK  [0m] Started Authenticate and Authorize Users to Run Privileged Tasks.
[   10.861335] cloud-init[952]: Your identification has been saved in /etc/ssh/ssh_host_ed25519_key.
[   10.868413] cloud-init[952]: Your public key has been saved in /etc/ssh/ssh_host_ed25519_key.pub.
[[0;32m  OK  [0m] Started Accounts Service.
[[0;32m  OK  [0m] Started LSB: automatic crash report generation.
[[0;32m  OK  [0m] Started LSB: daemon to balance interrupts for SMP systems.
[   10.876598] cloud-init[952]: The key fingerprint is:
[   10.887300] cloud-init[952]: SHA256:pcNyx719393ZH10QViwh6XsV9/TigbbTFABGL4gQGw0 root@ubuntu-xenial
[   10.890449] cloud-init[952]: The key's randomart image is:
[   10.897920] cloud-init[952]: +--[ED25519 256]--+
[   10.898725] cloud-init[952]: |    E+   .+.oo++.|
[   10.899727] cloud-init[952]: |     +.. o ..ooo+|
[[0;32m  OK  [0m] Started Virtualbox guest utils.
[   10.906932] cloud-init[952]: |    . . . o....+=|
[   10.909252] cloud-init[952]: |       . + o+ +.+|
[   10.913159] cloud-init[952]: |      . S o..* +.|
[   10.918959] cloud-init[952]: |       o o  +o+ o|
[   10.921657] cloud-init[952]: |            .o..o|
[   10.922804] cloud-init[952]: |               .O|
[   10.923680] cloud-init[952]: |               .O|
[   10.925055] cloud-init[952]: +----[SHA256]-----+
[[0;32m  OK  [0m] Started Pollinate to seed the pseudo random number generator.
         Starting OpenBSD Secure Shell server...
[[0;32m  OK  [0m] Started Snap Daemon.
         Starting Wait until snapd is fully seeded...
[[0;32m  OK  [0m] Started OpenBSD Secure Shell server.
[[0;32m  OK  [0m] Started Wait until snapd is fully seeded.
         Starting Apply the settings specified in cloud-config...
[[0;32m  OK  [0m] Reached target Multi-User System.
[[0;32m  OK  [0m] Reached target Graphical Interface.
         Starting Update UTMP about System Runlevel Changes...
[[0;32m  OK  [0m] Started Update UTMP about System Runlevel Changes.
[   12.849008] cloud-init[1320]: Generating locales (this might take a while)...
[   13.782544] cloud-init[1320]:   en_US.UTF-8... done
[   13.783436] cloud-init[1320]: Generation complete.
[   14.303717] cloud-init[1320]: Cloud-init v. 20.2-45-g5f7825e2-0ubuntu1~16.04.1 running 'modules:config' at Tue, 28 Jul 2020 17:41:54 +0000. Up 12.69 seconds.
[[0;32m  OK  [0m] Started Apply the settings specified in cloud-config.
         Starting Execute cloud user/final scripts...
ci-info: no authorized SSH keys fingerprints found for user ubuntu.
<14>Jul 28 17:41:56 ec2: 
<14>Jul 28 17:41:56 ec2: #############################################################
<14>Jul 28 17:41:56 ec2: -----BEGIN SSH HOST KEY FINGERPRINTS-----
<14>Jul 28 17:41:56 ec2: 1024 SHA256:3347vuKGoLb2pl3PrcFN8MLnrwKev1bfQqDqrsfTcGY root@ubuntu-xenial (DSA)
<14>Jul 28 17:41:56 ec2: 256 SHA256:3tdQTVp9d+wOmvvEJe6WPgCuHwC/2iKuDDduASTZgRw root@ubuntu-xenial (ECDSA)
<14>Jul 28 17:41:56 ec2: 256 SHA256:pcNyx719393ZH10QViwh6XsV9/TigbbTFABGL4gQGw0 root@ubuntu-xenial (ED25519)
<14>Jul 28 17:41:56 ec2: 2048 SHA256:b1ZOQ69No3Jx+B378NIhwOp4RBRcDsDiX9V4/nbYVDQ root@ubuntu-xenial (RSA)
<14>Jul 28 17:41:56 ec2: -----END SSH HOST KEY FINGERPRINTS-----
<14>Jul 28 17:41:56 ec2: #############################################################
-----BEGIN SSH HOST KEY KEYS-----
ecdsa-sha2-nistp256 AAAAE2VjZHNhLXNoYTItbmlzdHAyNTYAAAAIbmlzdHAyNTYAAABBBIRgkUrMNrklPWzXmfZrZh8rt2r5Osa4UTcYy6mhuKTImi/VSTqZeHu6G0EI4j6JCI0NEPugt4pNFmwGuBozEeM= root@ubuntu-xenial
ssh-ed25519 AAAAC3NzaC1lZDI1NTE5AAAAIDEnqBssi9ZkKN0MRhUmsJTBKl4U/OYCpku78FzmqTB6 root@ubuntu-xenial
ssh-rsa AAAAB3NzaC1yc2EAAAADAQABAAABAQCdSLWy7uK7UDjacAk8E2NLzkKtUHIgYpfuhWWENDsJUoDUQXF+IPYnLKVRh47ODBnejFBjH5SY1wjTeZGfUkA+4irxhOznZjBrcHRrBkTYYtXrN60Mg5JCZY2SFuv9hDc04q/Efol6FTuTHuwPqWKc+xNcbuS5w+j7qkbr9PHqGItHidHLJovmmujVbkc8cwhjnOvDfOYGXi5V5jL8W97/4BHFjZL+w6YQmCrBRwz8/UO4lwRFGe4cnde1CJ1f5B3sza374f6MK1IUd1hVfKpCA0U1WjqUknxzw5fcoF63rCxZMjc1eYtT1hGksaDH/SshVewrFiLGzLct+4Al5H8R root@ubuntu-xenial
-----END SSH HOST KEY KEYS-----
[   14.969712] cloud-init[1364]: Cloud-init v. 20.2-45-g5f7825e2-0ubuntu1~16.04.1 running 'modules:final' at Tue, 28 Jul 2020 17:41:56 +0000. Up 14.79 seconds.
[   14.977617] cloud-init[1364]: ci-info: no authorized SSH keys fingerprints found for user ubuntu.
[   14.978851] cloud-init[1364]: Cloud-init v. 20.2-45-g5f7825e2-0ubuntu1~16.04.1 finished at Tue, 28 Jul 2020 17:41:56 +0000. Datasource DataSourceNoCloud [seed=/dev/sdb][dsmode=net].  Up 14.96 seconds
[[0;32m  OK  [0m] Started Execute cloud user/final scripts.
[[0;32m  OK  [0m] Reached target Cloud-init target.

Ubuntu 16.04.6 LTS ubuntu-xenial ttyS0

ubuntu-xenial login: 